<?xml version="1.0" encoding="UTF-8"?>
<testsuite xmlns:xsi="http://www.w3.org/2001/XMLSchema-instance" xsi:noNamespaceSchemaLocation="https://maven.apache.org/surefire/maven-surefire-plugin/xsd/surefire-test-report.xsd" name="prePosCondicoes.PrePosCondicoesTest" time="0.06" tests="4" errors="0" skipped="0" failures="0">
  <properties>
[...]
</properties>
  <testcase name="segundoMetodoTestJUnit5" classname="prePosCondicoes.PrePosCondicoesTest" time="0.01"/>
  <testcase name="terceiroMetodoTestJUnit5" classname="prePosCondicoes.PrePosCondicoesTest" time="0.018"/>
  <testcase name="quartoMetodoTest" classname="prePosCondicoes.PrePosCondicoesTest" time="0.008"/>
  <testcase name="primeiroMetodoTest" classname="prePosCondicoes.PrePosCondicoesTest" time="0.005"/>
</testsuite>